<?xml version="1.0" encoding="UTF-8"?>
<coverage generated="1602675213247" clover="3.2.0">
  <project timestamp="1602675213247" name="All files">
    <metrics statements="23" coveredstatements="23" conditionals="13" coveredconditionals="13" methods="11" coveredmethods="11" elements="47" coveredelements="47" complexity="0" loc="23" ncloc="23" packages="2" files="3" classes="3"/>
    <package name="unitTest">
      <metrics statements="9" coveredstatements="9" conditionals="6" coveredconditionals="6" methods="3" coveredmethods="3"/>
      <file name="index.js" path="D:\Proyectos\unitTest\index.js">
        <metrics statements="9" coveredstatements="9" conditionals="6" coveredconditionals="6" methods="3" coveredmethods="3"/>
        <line num="1" count="1" type="stmt"/>
        <line num="2" count="4" type="cond" truecount="2" falsecount="0"/>
        <line num="3" count="1" type="stmt"/>
        <line num="5" count="3" type="cond" truecount="2" falsecount="0"/>
        <line num="6" count="1" type="stmt"/>
        <line num="8" count="2" type="stmt"/>
        <line num="10" count="1" type="stmt"/>
        <line num="11" count="3" type="cond" truecount="2" falsecount="0"/>
        <line num="15" count="1" type="stmt"/>
      </file>
    </package>
    <package name="unitTest.src.contactos">
      <metrics statements="14" coveredstatements="14" conditionals="7" coveredconditionals="7" methods="8" coveredmethods="8"/>
      <file name="contactos.js" path="D:\Proyectos\unitTest\src\contactos\contactos.js">
        <metrics statements="13" coveredstatements="13" conditionals="7" coveredconditionals="7" methods="8" coveredmethods="8"/>
        <line num="3" count="1" type="stmt"/>
        <line num="7" count="8" type="cond" truecount="2" falsecount="0"/>
        <line num="12" count="7" type="stmt"/>
        <line num="14" count="1" type="stmt"/>
        <line num="18" count="2" type="stmt"/>
        <line num="19" count="6" type="stmt"/>
        <line num="20" count="4" type="stmt"/>
        <line num="22" count="2" type="cond" truecount="2" falsecount="0"/>
        <line num="23" count="1" type="stmt"/>
        <line num="30" count="4" type="stmt"/>
        <line num="33" count="3" type="stmt"/>
        <line num="40" count="2" type="stmt"/>
        <line num="42" count="1" type="stmt"/>
      </file>
      <file name="data.js" path="D:\Proyectos\unitTest\src\contactos\data.js">
        <metrics statements="1" coveredstatements="1" conditionals="0" coveredconditionals="0" methods="0" coveredmethods="0"/>
        <line num="1" count="1" type="stmt"/>
      </file>
    </package>
  </project>
</coverage>
