{"D:\\Proyectos\\unitTest\\index.js": {"path":"D:\\Proyectos\\unitTest\\index.js","statementMap":{"0":{"start":{"line":1,"column":16},"end":{"line":9,"column":1}},"1":{"start":{"line":2,"column":4},"end":{"line":4,"column":5}},"2":{"start":{"line":3,"column":8},"end":{"line":3,"column":47}},"3":{"start":{"line":5,"column":4},"end":{"line":7,"column":5}},"4":{"start":{"line":6,"column":8},"end":{"line":6,"column":49}},"5":{"start":{"line":8,"column":4},"end":{"line":8,"column":34}},"6":{"start":{"line":10,"column":20},"end":{"line":14,"column":1}},"7":{"start":{"line":10,"column":29},"end":{"line":14,"column":1}},"8":{"start":{"line":11,"column":16},"end":{"line":12,"column":26}},"9":{"start":{"line":15,"column":0},"end":{"line":18,"column":1}}},"fnMap":{"0":{"name":"(anonymous_0)","decl":{"start":{"line":1,"column":16},"end":{"line":1,"column":17}},"loc":{"start":{"line":1,"column":27},"end":{"line":9,"column":1}},"line":1},"1":{"name":"(anonymous_1)","decl":{"start":{"line":10,"column":20},"end":{"line":10,"column":21}},"loc":{"start":{"line":10,"column":29},"end":{"line":14,"column":1}},"line":10},"2":{"name":"(anonymous_2)","decl":{"start":{"line":10,"column":45},"end":{"line":10,"column":46}},"loc":{"start":{"line":11,"column":16},"end":{"line":12,"column":26}},"line":11}},"branchMap":{"0":{"loc":{"start":{"line":2,"column":4},"end":{"line":4,"column":5}},"type":"if","locations":[{"start":{"line":2,"column":4},"end":{"line":4,"column":5}},{"start":{"line":2,"column":4},"end":{"line":4,"column":5}}],"line":2},"1":{"loc":{"start":{"line":5,"column":4},"end":{"line":7,"column":5}},"type":"if","locations":[{"start":{"line":5,"column":4},"end":{"line":7,"column":5}},{"start":{"line":5,"column":4},"end":{"line":7,"column":5}}],"line":5},"2":{"loc":{"start":{"line":11,"column":16},"end":{"line":12,"column":26}},"type":"cond-expr","locations":[{"start":{"line":11,"column":45},"end":{"line":11,"column":82}},{"start":{"line":12,"column":22},"end":{"line":12,"column":26}}],"line":11}},"s":{"0":1,"1":4,"2":1,"3":3,"4":1,"5":2,"6":1,"7":1,"8":3,"9":1},"f":{"0":4,"1":1,"2":3},"b":{"0":[1,3],"1":[1,2],"2":[1,2]},"_coverageSchema":"1a1c01bbd47fc00a2c39e90264f33305004495a9","hash":"4315c4c48f069c015d1db4aa2e193ec221aacb7c"}
,"D:\\Proyectos\\unitTest\\src\\contactos\\contactos.js": {"path":"D:\\Proyectos\\unitTest\\src\\contactos\\contactos.js","statementMap":{"0":{"start":{"line":3,"column":16},"end":{"line":3,"column":18}},"1":{"start":{"line":7,"column":2},"end":{"line":15,"column":3}},"2":{"start":{"line":12,"column":3},"end":{"line":12,"column":28}},"3":{"start":{"line":14,"column":3},"end":{"line":14,"column":28}},"4":{"start":{"line":18,"column":16},"end":{"line":20,"column":38}},"5":{"start":{"line":19,"column":18},"end":{"line":19,"column":20}},"6":{"start":{"line":20,"column":20},"end":{"line":20,"column":37}},"7":{"start":{"line":22,"column":2},"end":{"line":27,"column":3}},"8":{"start":{"line":23,"column":3},"end":{"line":26,"column":5}},"9":{"start":{"line":30,"column":2},"end":{"line":30,"column":17}},"10":{"start":{"line":33,"column":2},"end":{"line":35,"column":4}},"11":{"start":{"line":40,"column":2},"end":{"line":43,"column":5}},"12":{"start":{"line":42,"column":4},"end":{"line":42,"column":22}}},"fnMap":{"0":{"name":"(anonymous_0)","decl":{"start":{"line":6,"column":1},"end":{"line":6,"column":2}},"loc":{"start":{"line":6,"column":19},"end":{"line":16,"column":2}},"line":6},"1":{"name":"(anonymous_1)","decl":{"start":{"line":17,"column":1},"end":{"line":17,"column":2}},"loc":{"start":{"line":17,"column":20},"end":{"line":28,"column":2}},"line":17},"2":{"name":"(anonymous_2)","decl":{"start":{"line":19,"column":8},"end":{"line":19,"column":9}},"loc":{"start":{"line":19,"column":18},"end":{"line":19,"column":20}},"line":19},"3":{"name":"(anonymous_3)","decl":{"start":{"line":20,"column":14},"end":{"line":20,"column":15}},"loc":{"start":{"line":20,"column":20},"end":{"line":20,"column":37}},"line":20},"4":{"name":"(anonymous_4)","decl":{"start":{"line":29,"column":1},"end":{"line":29,"column":2}},"loc":{"start":{"line":29,"column":13},"end":{"line":31,"column":2}},"line":29},"5":{"name":"(anonymous_5)","decl":{"start":{"line":32,"column":1},"end":{"line":32,"column":2}},"loc":{"start":{"line":32,"column":6},"end":{"line":36,"column":2}},"line":32},"6":{"name":"(anonymous_6)","decl":{"start":{"line":37,"column":1},"end":{"line":37,"column":2}},"loc":{"start":{"line":37,"column":15},"end":{"line":44,"column":2}},"line":37},"7":{"name":"(anonymous_7)","decl":{"start":{"line":41,"column":9},"end":{"line":41,"column":10}},"loc":{"start":{"line":41,"column":23},"end":{"line":43,"column":4}},"line":41}},"branchMap":{"0":{"loc":{"start":{"line":7,"column":2},"end":{"line":15,"column":3}},"type":"if","locations":[{"start":{"line":7,"column":2},"end":{"line":15,"column":3}},{"start":{"line":7,"column":2},"end":{"line":15,"column":3}}],"line":7},"1":{"loc":{"start":{"line":8,"column":3},"end":{"line":10,"column":32}},"type":"binary-expr","locations":[{"start":{"line":8,"column":3},"end":{"line":8,"column":36}},{"start":{"line":9,"column":3},"end":{"line":9,"column":35}},{"start":{"line":10,"column":3},"end":{"line":10,"column":32}}],"line":8},"2":{"loc":{"start":{"line":22,"column":2},"end":{"line":27,"column":3}},"type":"if","locations":[{"start":{"line":22,"column":2},"end":{"line":27,"column":3}},{"start":{"line":22,"column":2},"end":{"line":27,"column":3}}],"line":22}},"s":{"0":1,"1":8,"2":7,"3":1,"4":2,"5":6,"6":4,"7":2,"8":1,"9":4,"10":3,"11":2,"12":1},"f":{"0":8,"1":2,"2":6,"3":4,"4":4,"5":3,"6":2,"7":1},"b":{"0":[7,1],"1":[8,8,8],"2":[1,1]},"_coverageSchema":"1a1c01bbd47fc00a2c39e90264f33305004495a9","hash":"2c4e15f0d102b67c95e387fc1af47c114993c953"}
,"D:\\Proyectos\\unitTest\\src\\contactos\\data.js": {"path":"D:\\Proyectos\\unitTest\\src\\contactos\\data.js","statementMap":{"0":{"start":{"line":1,"column":31},"end":{"line":13,"column":2}}},"fnMap":{},"branchMap":{},"s":{"0":1},"f":{},"b":{},"_coverageSchema":"1a1c01bbd47fc00a2c39e90264f33305004495a9","hash":"aa8b2c3a6c864393da0af35bdb5285a63a57d32f"}
}
