TN:
SF:index.js
FN:1,(anonymous_0)
FN:10,(anonymous_1)
FN:10,(anonymous_2)
FNF:3
FNH:3
FNDA:4,(anonymous_0)
FNDA:1,(anonymous_1)
FNDA:3,(anonymous_2)
DA:1,1
DA:2,4
DA:3,1
DA:5,3
DA:6,1
DA:8,2
DA:10,1
DA:11,3
DA:15,1
LF:9
LH:9
BRDA:2,0,0,1
BRDA:2,0,1,3
BRDA:5,1,0,1
BRDA:5,1,1,2
BRDA:11,2,0,1
BRDA:11,2,1,2
BRF:6
BRH:6
end_of_record
TN:
SF:src\contactos\contactos.js
FN:6,(anonymous_0)
FN:17,(anonymous_1)
FN:19,(anonymous_2)
FN:20,(anonymous_3)
FN:29,(anonymous_4)
FN:32,(anonymous_5)
FN:37,(anonymous_6)
FN:41,(anonymous_7)
FNF:8
FNH:8
FNDA:8,(anonymous_0)
FNDA:2,(anonymous_1)
FNDA:6,(anonymous_2)
FNDA:4,(anonymous_3)
FNDA:4,(anonymous_4)
FNDA:3,(anonymous_5)
FNDA:2,(anonymous_6)
FNDA:1,(anonymous_7)
DA:3,1
DA:7,8
DA:12,7
DA:14,1
DA:18,2
DA:19,6
DA:20,4
DA:22,2
DA:23,1
DA:30,4
DA:33,3
DA:40,2
DA:42,1
LF:13
LH:13
BRDA:7,0,0,7
BRDA:7,0,1,1
BRDA:8,1,0,8
BRDA:8,1,1,8
BRDA:8,1,2,8
BRDA:22,2,0,1
BRDA:22,2,1,1
BRF:7
BRH:7
end_of_record
TN:
SF:src\contactos\data.js
FNF:0
FNH:0
DA:1,1
LF:1
LH:1
BRF:0
BRH:0
end_of_record
